The system is: Linux - 5.15.0-41-generic - x86_64
Compiling the C compiler identification source file "CMakeCCompilerId.c" succeeded.
Compiler: /home/tiejianjie/cpp_pkg/gcc-12.2.0/bin/gcc 
Build flags: 
Id flags:  

The output was:
0


Compilation of the C compiler identification source "CMakeCCompilerId.c" produced "a.out"

The C compiler identification is GNU, found in "/home/tiejianjie/news_rec/src/rank/data_process/build/CMakeFiles/3.16.3/CompilerIdC/a.out"

Compiling the CXX compiler identification source file "CMakeCXXCompilerId.cpp" succeeded.
Compiler: /home/tiejianjie/cpp_pkg/gcc-12.2.0/bin/g++ 
Build flags: -std=c++23;-O3;-w;-W;-lpthread;-ldl;-Wall;-Wextra;-Werror;-pedantic
Id flags:  

The output was:
0


Compilation of the CXX compiler identification source "CMakeCXXCompilerId.cpp" produced "a.out"

The CXX compiler identification is GNU, found in "/home/tiejianjie/news_rec/src/rank/data_process/build/CMakeFiles/3.16.3/CompilerIdCXX/a.out"

Determining if the C compiler works passed with the following output:
Change Dir: /home/tiejianjie/news_rec/src/rank/data_process/build/CMakeFiles/CMakeTmp

Run Build Command(s):/usr/bin/make cmTC_48a8b/fast && /usr/bin/make -f CMakeFiles/cmTC_48a8b.dir/build.make CMakeFiles/cmTC_48a8b.dir/build
make[1]: 进入目录“/home/tiejianjie/news_rec/src/rank/data_process/build/CMakeFiles/CMakeTmp”
Building C object CMakeFiles/cmTC_48a8b.dir/testCCompiler.c.o
/home/tiejianjie/cpp_pkg/gcc-12.2.0/bin/gcc    -o CMakeFiles/cmTC_48a8b.dir/testCCompiler.c.o   -c /home/tiejianjie/news_rec/src/rank/data_process/build/CMakeFiles/CMakeTmp/testCCompiler.c
Linking C executable cmTC_48a8b
/usr/bin/cmake -E cmake_link_script CMakeFiles/cmTC_48a8b.dir/link.txt --verbose=1
/home/tiejianjie/cpp_pkg/gcc-12.2.0/bin/gcc      CMakeFiles/cmTC_48a8b.dir/testCCompiler.c.o  -o cmTC_48a8b 
make[1]: 离开目录“/home/tiejianjie/news_rec/src/rank/data_process/build/CMakeFiles/CMakeTmp”



Detecting C compiler ABI info compiled with the following output:
Change Dir: /home/tiejianjie/news_rec/src/rank/data_process/build/CMakeFiles/CMakeTmp

Run Build Command(s):/usr/bin/make cmTC_a55cc/fast && /usr/bin/make -f CMakeFiles/cmTC_a55cc.dir/build.make CMakeFiles/cmTC_a55cc.dir/build
make[1]: Entering directory '/home/tiejianjie/news_rec/src/rank/data_process/build/CMakeFiles/CMakeTmp'
Building C object CMakeFiles/cmTC_a55cc.dir/CMakeCCompilerABI.c.o
/home/tiejianjie/cpp_pkg/gcc-12.2.0/bin/gcc   -v -o CMakeFiles/cmTC_a55cc.dir/CMakeCCompilerABI.c.o   -c /usr/share/cmake-3.16/Modules/CMakeCCompilerABI.c
Using built-in specs.
COLLECT_GCC=/home/tiejianjie/cpp_pkg/gcc-12.2.0/bin/gcc
Target: x86_64-pc-linux-gnu
Configured with: ../configure --prefix=/home/tiejianjie/cpp_pkg/gcc-12.2.0/ --disable-multilib
Thread model: posix
Supported LTO compression algorithms: zlib
gcc version 12.2.0 (GCC) 
COLLECT_GCC_OPTIONS='-v' '-o' 'CMakeFiles/cmTC_a55cc.dir/CMakeCCompilerABI.c.o' '-c' '-mtune=generic' '-march=x86-64' '-dumpdir' 'CMakeFiles/cmTC_a55cc.dir/'
 /home/tiejianjie/cpp_pkg/gcc-12.2.0/libexec/gcc/x86_64-pc-linux-gnu/12.2.0/cc1 -quiet -v -imultiarch x86_64-linux-gnu /usr/share/cmake-3.16/Modules/CMakeCCompilerABI.c -quiet -dumpdir CMakeFiles/cmTC_a55cc.dir/ -dumpbase CMakeCCompilerABI.c.c -dumpbase-ext .c -mtune=generic -march=x86-64 -version -o /tmp/ccUYsDzT.s
GNU C17 (GCC) version 12.2.0 (x86_64-pc-linux-gnu)
	compiled by GNU C version 12.2.0, GMP version 6.2.1, MPFR version 4.1.0, MPC version 1.2.1, isl version isl-0.24-GMP

GGC heuristics: --param ggc-min-expand=100 --param ggc-min-heapsize=131072
ignoring nonexistent directory "/usr/local/include/x86_64-linux-gnu"
ignoring nonexistent directory "/home/tiejianjie/cpp_pkg/gcc-12.2.0/lib/gcc/x86_64-pc-linux-gnu/12.2.0/../../../../x86_64-pc-linux-gnu/include"
#include "..." search starts here:
#include <...> search starts here:
 /home/tiejianjie/cpp_pkg/gcc-12.2.0/lib/gcc/x86_64-pc-linux-gnu/12.2.0/include
 /usr/local/include
 /home/tiejianjie/cpp_pkg/gcc-12.2.0/include
 /home/tiejianjie/cpp_pkg/gcc-12.2.0/lib/gcc/x86_64-pc-linux-gnu/12.2.0/include-fixed
 /usr/include/x86_64-linux-gnu
 /usr/include
End of search list.
GNU C17 (GCC) version 12.2.0 (x86_64-pc-linux-gnu)
	compiled by GNU C version 12.2.0, GMP version 6.2.1, MPFR version 4.1.0, MPC version 1.2.1, isl version isl-0.24-GMP

GGC heuristics: --param ggc-min-expand=100 --param ggc-min-heapsize=131072
Compiler executable checksum: a1cc97ae3d400c4733f19e0a52fe4f80
COLLECT_GCC_OPTIONS='-v' '-o' 'CMakeFiles/cmTC_a55cc.dir/CMakeCCompilerABI.c.o' '-c' '-mtune=generic' '-march=x86-64' '-dumpdir' 'CMakeFiles/cmTC_a55cc.dir/'
 as -v --64 -o CMakeFiles/cmTC_a55cc.dir/CMakeCCompilerABI.c.o /tmp/ccUYsDzT.s
GNU assembler version 2.34 (x86_64-linux-gnu) using BFD version (GNU Binutils for Ubuntu) 2.34
COMPILER_PATH=/home/tiejianjie/cpp_pkg/gcc-12.2.0/libexec/gcc/x86_64-pc-linux-gnu/12.2.0/:/home/tiejianjie/cpp_pkg/gcc-12.2.0/libexec/gcc/x86_64-pc-linux-gnu/12.2.0/:/home/tiejianjie/cpp_pkg/gcc-12.2.0/libexec/gcc/x86_64-pc-linux-gnu/:/home/tiejianjie/cpp_pkg/gcc-12.2.0/lib/gcc/x86_64-pc-linux-gnu/12.2.0/:/home/tiejianjie/cpp_pkg/gcc-12.2.0/lib/gcc/x86_64-pc-linux-gnu/
LIBRARY_PATH=/home/tiejianjie/cpp_pkg/gcc-12.2.0/lib/gcc/x86_64-pc-linux-gnu/12.2.0/:/home/tiejianjie/cpp_pkg/gcc-12.2.0/lib/gcc/x86_64-pc-linux-gnu/12.2.0/../../../../lib64/:/lib/x86_64-linux-gnu/:/lib/../lib64/:/usr/lib/x86_64-linux-gnu/:/usr/lib/../lib64/:/home/tiejianjie/cpp_pkg/gcc-12.2.0/lib/gcc/x86_64-pc-linux-gnu/12.2.0/../../../:/lib/:/usr/lib/
COLLECT_GCC_OPTIONS='-v' '-o' 'CMakeFiles/cmTC_a55cc.dir/CMakeCCompilerABI.c.o' '-c' '-mtune=generic' '-march=x86-64' '-dumpdir' 'CMakeFiles/cmTC_a55cc.dir/CMakeCCompilerABI.c.'
Linking C executable cmTC_a55cc
/usr/bin/cmake -E cmake_link_script CMakeFiles/cmTC_a55cc.dir/link.txt --verbose=1
/home/tiejianjie/cpp_pkg/gcc-12.2.0/bin/gcc     -v CMakeFiles/cmTC_a55cc.dir/CMakeCCompilerABI.c.o  -o cmTC_a55cc 
Using built-in specs.
COLLECT_GCC=/home/tiejianjie/cpp_pkg/gcc-12.2.0/bin/gcc
COLLECT_LTO_WRAPPER=/home/tiejianjie/cpp_pkg/gcc-12.2.0/libexec/gcc/x86_64-pc-linux-gnu/12.2.0/lto-wrapper
Target: x86_64-pc-linux-gnu
Configured with: ../configure --prefix=/home/tiejianjie/cpp_pkg/gcc-12.2.0/ --disable-multilib
Thread model: posix
Supported LTO compression algorithms: zlib
gcc version 12.2.0 (GCC) 
COMPILER_PATH=/home/tiejianjie/cpp_pkg/gcc-12.2.0/libexec/gcc/x86_64-pc-linux-gnu/12.2.0/:/home/tiejianjie/cpp_pkg/gcc-12.2.0/libexec/gcc/x86_64-pc-linux-gnu/12.2.0/:/home/tiejianjie/cpp_pkg/gcc-12.2.0/libexec/gcc/x86_64-pc-linux-gnu/:/home/tiejianjie/cpp_pkg/gcc-12.2.0/lib/gcc/x86_64-pc-linux-gnu/12.2.0/:/home/tiejianjie/cpp_pkg/gcc-12.2.0/lib/gcc/x86_64-pc-linux-gnu/
LIBRARY_PATH=/home/tiejianjie/cpp_pkg/gcc-12.2.0/lib/gcc/x86_64-pc-linux-gnu/12.2.0/:/home/tiejianjie/cpp_pkg/gcc-12.2.0/lib/gcc/x86_64-pc-linux-gnu/12.2.0/../../../../lib64/:/lib/x86_64-linux-gnu/:/lib/../lib64/:/usr/lib/x86_64-linux-gnu/:/usr/lib/../lib64/:/home/tiejianjie/cpp_pkg/gcc-12.2.0/lib/gcc/x86_64-pc-linux-gnu/12.2.0/../../../:/lib/:/usr/lib/
COLLECT_GCC_OPTIONS='-v' '-o' 'cmTC_a55cc' '-mtune=generic' '-march=x86-64' '-dumpdir' 'cmTC_a55cc.'
 /home/tiejianjie/cpp_pkg/gcc-12.2.0/libexec/gcc/x86_64-pc-linux-gnu/12.2.0/collect2 -plugin /home/tiejianjie/cpp_pkg/gcc-12.2.0/libexec/gcc/x86_64-pc-linux-gnu/12.2.0/liblto_plugin.so -plugin-opt=/home/tiejianjie/cpp_pkg/gcc-12.2.0/libexec/gcc/x86_64-pc-linux-gnu/12.2.0/lto-wrapper -plugin-opt=-fresolution=/tmp/cc7prCxq.res -plugin-opt=-pass-through=-lgcc -plugin-opt=-pass-through=-lgcc_s -plugin-opt=-pass-through=-lc -plugin-opt=-pass-through=-lgcc -plugin-opt=-pass-through=-lgcc_s --eh-frame-hdr -m elf_x86_64 -dynamic-linker /lib64/ld-linux-x86-64.so.2 -o cmTC_a55cc /lib/x86_64-linux-gnu/crt1.o /lib/x86_64-linux-gnu/crti.o /home/tiejianjie/cpp_pkg/gcc-12.2.0/lib/gcc/x86_64-pc-linux-gnu/12.2.0/crtbegin.o -L/home/tiejianjie/cpp_pkg/gcc-12.2.0/lib/gcc/x86_64-pc-linux-gnu/12.2.0 -L/home/tiejianjie/cpp_pkg/gcc-12.2.0/lib/gcc/x86_64-pc-linux-gnu/12.2.0/../../../../lib64 -L/lib/x86_64-linux-gnu -L/lib/../lib64 -L/usr/lib/x86_64-linux-gnu -L/usr/lib/../lib64 -L/home/tiejianjie/cpp_pkg/gcc-12.2.0/lib/gcc/x86_64-pc-linux-gnu/12.2.0/../../.. CMakeFiles/cmTC_a55cc.dir/CMakeCCompilerABI.c.o -lgcc --push-state --as-needed -lgcc_s --pop-state -lc -lgcc --push-state --as-needed -lgcc_s --pop-state /home/tiejianjie/cpp_pkg/gcc-12.2.0/lib/gcc/x86_64-pc-linux-gnu/12.2.0/crtend.o /lib/x86_64-linux-gnu/crtn.o
COLLECT_GCC_OPTIONS='-v' '-o' 'cmTC_a55cc' '-mtune=generic' '-march=x86-64' '-dumpdir' 'cmTC_a55cc.'
make[1]: Leaving directory '/home/tiejianjie/news_rec/src/rank/data_process/build/CMakeFiles/CMakeTmp'



Parsed C implicit include dir info from above output: rv=done
  found start of include info
  found start of implicit include info
    add: [/home/tiejianjie/cpp_pkg/gcc-12.2.0/lib/gcc/x86_64-pc-linux-gnu/12.2.0/include]
    add: [/usr/local/include]
    add: [/home/tiejianjie/cpp_pkg/gcc-12.2.0/include]
    add: [/home/tiejianjie/cpp_pkg/gcc-12.2.0/lib/gcc/x86_64-pc-linux-gnu/12.2.0/include-fixed]
    add: [/usr/include/x86_64-linux-gnu]
    add: [/usr/include]
  end of search list found
  collapse include dir [/home/tiejianjie/cpp_pkg/gcc-12.2.0/lib/gcc/x86_64-pc-linux-gnu/12.2.0/include] ==> [/home/tiejianjie/cpp_pkg/gcc-12.2.0/lib/gcc/x86_64-pc-linux-gnu/12.2.0/include]
  collapse include dir [/usr/local/include] ==> [/usr/local/include]
  collapse include dir [/home/tiejianjie/cpp_pkg/gcc-12.2.0/include] ==> [/home/tiejianjie/cpp_pkg/gcc-12.2.0/include]
  collapse include dir [/home/tiejianjie/cpp_pkg/gcc-12.2.0/lib/gcc/x86_64-pc-linux-gnu/12.2.0/include-fixed] ==> [/home/tiejianjie/cpp_pkg/gcc-12.2.0/lib/gcc/x86_64-pc-linux-gnu/12.2.0/include-fixed]
  collapse include dir [/usr/include/x86_64-linux-gnu] ==> [/usr/include/x86_64-linux-gnu]
  collapse include dir [/usr/include] ==> [/usr/include]
  implicit include dirs: [/home/tiejianjie/cpp_pkg/gcc-12.2.0/lib/gcc/x86_64-pc-linux-gnu/12.2.0/include;/usr/local/include;/home/tiejianjie/cpp_pkg/gcc-12.2.0/include;/home/tiejianjie/cpp_pkg/gcc-12.2.0/lib/gcc/x86_64-pc-linux-gnu/12.2.0/include-fixed;/usr/include/x86_64-linux-gnu;/usr/include]


Parsed C implicit link information from above output:
  link line regex: [^( *|.*[/\])(ld|CMAKE_LINK_STARTFILE-NOTFOUND|([^/\]+-)?ld|collect2)[^/\]*( |$)]
  ignore line: [Change Dir: /home/tiejianjie/news_rec/src/rank/data_process/build/CMakeFiles/CMakeTmp]
  ignore line: []
  ignore line: [Run Build Command(s):/usr/bin/make cmTC_a55cc/fast && /usr/bin/make -f CMakeFiles/cmTC_a55cc.dir/build.make CMakeFiles/cmTC_a55cc.dir/build]
  ignore line: [make[1]: Entering directory '/home/tiejianjie/news_rec/src/rank/data_process/build/CMakeFiles/CMakeTmp']
  ignore line: [Building C object CMakeFiles/cmTC_a55cc.dir/CMakeCCompilerABI.c.o]
  ignore line: [/home/tiejianjie/cpp_pkg/gcc-12.2.0/bin/gcc   -v -o CMakeFiles/cmTC_a55cc.dir/CMakeCCompilerABI.c.o   -c /usr/share/cmake-3.16/Modules/CMakeCCompilerABI.c]
  ignore line: [Using built-in specs.]
  ignore line: [COLLECT_GCC=/home/tiejianjie/cpp_pkg/gcc-12.2.0/bin/gcc]
  ignore line: [Target: x86_64-pc-linux-gnu]
  ignore line: [Configured with: ../configure --prefix=/home/tiejianjie/cpp_pkg/gcc-12.2.0/ --disable-multilib]
  ignore line: [Thread model: posix]
  ignore line: [Supported LTO compression algorithms: zlib]
  ignore line: [gcc version 12.2.0 (GCC) ]
  ignore line: [COLLECT_GCC_OPTIONS='-v' '-o' 'CMakeFiles/cmTC_a55cc.dir/CMakeCCompilerABI.c.o' '-c' '-mtune=generic' '-march=x86-64' '-dumpdir' 'CMakeFiles/cmTC_a55cc.dir/']
  ignore line: [ /home/tiejianjie/cpp_pkg/gcc-12.2.0/libexec/gcc/x86_64-pc-linux-gnu/12.2.0/cc1 -quiet -v -imultiarch x86_64-linux-gnu /usr/share/cmake-3.16/Modules/CMakeCCompilerABI.c -quiet -dumpdir CMakeFiles/cmTC_a55cc.dir/ -dumpbase CMakeCCompilerABI.c.c -dumpbase-ext .c -mtune=generic -march=x86-64 -version -o /tmp/ccUYsDzT.s]
  ignore line: [GNU C17 (GCC) version 12.2.0 (x86_64-pc-linux-gnu)]
  ignore line: [	compiled by GNU C version 12.2.0  GMP version 6.2.1  MPFR version 4.1.0  MPC version 1.2.1  isl version isl-0.24-GMP]
  ignore line: []
  ignore line: [GGC heuristics: --param ggc-min-expand=100 --param ggc-min-heapsize=131072]
  ignore line: [ignoring nonexistent directory "/usr/local/include/x86_64-linux-gnu"]
  ignore line: [ignoring nonexistent directory "/home/tiejianjie/cpp_pkg/gcc-12.2.0/lib/gcc/x86_64-pc-linux-gnu/12.2.0/../../../../x86_64-pc-linux-gnu/include"]
  ignore line: [#include "..." search starts here:]
  ignore line: [#include <...> search starts here:]
  ignore line: [ /home/tiejianjie/cpp_pkg/gcc-12.2.0/lib/gcc/x86_64-pc-linux-gnu/12.2.0/include]
  ignore line: [ /usr/local/include]
  ignore line: [ /home/tiejianjie/cpp_pkg/gcc-12.2.0/include]
  ignore line: [ /home/tiejianjie/cpp_pkg/gcc-12.2.0/lib/gcc/x86_64-pc-linux-gnu/12.2.0/include-fixed]
  ignore line: [ /usr/include/x86_64-linux-gnu]
  ignore line: [ /usr/include]
  ignore line: [End of search list.]
  ignore line: [GNU C17 (GCC) version 12.2.0 (x86_64-pc-linux-gnu)]
  ignore line: [	compiled by GNU C version 12.2.0  GMP version 6.2.1  MPFR version 4.1.0  MPC version 1.2.1  isl version isl-0.24-GMP]
  ignore line: []
  ignore line: [GGC heuristics: --param ggc-min-expand=100 --param ggc-min-heapsize=131072]
  ignore line: [Compiler executable checksum: a1cc97ae3d400c4733f19e0a52fe4f80]
  ignore line: [COLLECT_GCC_OPTIONS='-v' '-o' 'CMakeFiles/cmTC_a55cc.dir/CMakeCCompilerABI.c.o' '-c' '-mtune=generic' '-march=x86-64' '-dumpdir' 'CMakeFiles/cmTC_a55cc.dir/']
  ignore line: [ as -v --64 -o CMakeFiles/cmTC_a55cc.dir/CMakeCCompilerABI.c.o /tmp/ccUYsDzT.s]
  ignore line: [GNU assembler version 2.34 (x86_64-linux-gnu) using BFD version (GNU Binutils for Ubuntu) 2.34]
  ignore line: [COMPILER_PATH=/home/tiejianjie/cpp_pkg/gcc-12.2.0/libexec/gcc/x86_64-pc-linux-gnu/12.2.0/:/home/tiejianjie/cpp_pkg/gcc-12.2.0/libexec/gcc/x86_64-pc-linux-gnu/12.2.0/:/home/tiejianjie/cpp_pkg/gcc-12.2.0/libexec/gcc/x86_64-pc-linux-gnu/:/home/tiejianjie/cpp_pkg/gcc-12.2.0/lib/gcc/x86_64-pc-linux-gnu/12.2.0/:/home/tiejianjie/cpp_pkg/gcc-12.2.0/lib/gcc/x86_64-pc-linux-gnu/]
  ignore line: [LIBRARY_PATH=/home/tiejianjie/cpp_pkg/gcc-12.2.0/lib/gcc/x86_64-pc-linux-gnu/12.2.0/:/home/tiejianjie/cpp_pkg/gcc-12.2.0/lib/gcc/x86_64-pc-linux-gnu/12.2.0/../../../../lib64/:/lib/x86_64-linux-gnu/:/lib/../lib64/:/usr/lib/x86_64-linux-gnu/:/usr/lib/../lib64/:/home/tiejianjie/cpp_pkg/gcc-12.2.0/lib/gcc/x86_64-pc-linux-gnu/12.2.0/../../../:/lib/:/usr/lib/]
  ignore line: [COLLECT_GCC_OPTIONS='-v' '-o' 'CMakeFiles/cmTC_a55cc.dir/CMakeCCompilerABI.c.o' '-c' '-mtune=generic' '-march=x86-64' '-dumpdir' 'CMakeFiles/cmTC_a55cc.dir/CMakeCCompilerABI.c.']
  ignore line: [Linking C executable cmTC_a55cc]
  ignore line: [/usr/bin/cmake -E cmake_link_script CMakeFiles/cmTC_a55cc.dir/link.txt --verbose=1]
  ignore line: [/home/tiejianjie/cpp_pkg/gcc-12.2.0/bin/gcc     -v CMakeFiles/cmTC_a55cc.dir/CMakeCCompilerABI.c.o  -o cmTC_a55cc ]
  ignore line: [Using built-in specs.]
  ignore line: [COLLECT_GCC=/home/tiejianjie/cpp_pkg/gcc-12.2.0/bin/gcc]
  ignore line: [COLLECT_LTO_WRAPPER=/home/tiejianjie/cpp_pkg/gcc-12.2.0/libexec/gcc/x86_64-pc-linux-gnu/12.2.0/lto-wrapper]
  ignore line: [Target: x86_64-pc-linux-gnu]
  ignore line: [Configured with: ../configure --prefix=/home/tiejianjie/cpp_pkg/gcc-12.2.0/ --disable-multilib]
  ignore line: [Thread model: posix]
  ignore line: [Supported LTO compression algorithms: zlib]
  ignore line: [gcc version 12.2.0 (GCC) ]
  ignore line: [COMPILER_PATH=/home/tiejianjie/cpp_pkg/gcc-12.2.0/libexec/gcc/x86_64-pc-linux-gnu/12.2.0/:/home/tiejianjie/cpp_pkg/gcc-12.2.0/libexec/gcc/x86_64-pc-linux-gnu/12.2.0/:/home/tiejianjie/cpp_pkg/gcc-12.2.0/libexec/gcc/x86_64-pc-linux-gnu/:/home/tiejianjie/cpp_pkg/gcc-12.2.0/lib/gcc/x86_64-pc-linux-gnu/12.2.0/:/home/tiejianjie/cpp_pkg/gcc-12.2.0/lib/gcc/x86_64-pc-linux-gnu/]
  ignore line: [LIBRARY_PATH=/home/tiejianjie/cpp_pkg/gcc-12.2.0/lib/gcc/x86_64-pc-linux-gnu/12.2.0/:/home/tiejianjie/cpp_pkg/gcc-12.2.0/lib/gcc/x86_64-pc-linux-gnu/12.2.0/../../../../lib64/:/lib/x86_64-linux-gnu/:/lib/../lib64/:/usr/lib/x86_64-linux-gnu/:/usr/lib/../lib64/:/home/tiejianjie/cpp_pkg/gcc-12.2.0/lib/gcc/x86_64-pc-linux-gnu/12.2.0/../../../:/lib/:/usr/lib/]
  ignore line: [COLLECT_GCC_OPTIONS='-v' '-o' 'cmTC_a55cc' '-mtune=generic' '-march=x86-64' '-dumpdir' 'cmTC_a55cc.']
  link line: [ /home/tiejianjie/cpp_pkg/gcc-12.2.0/libexec/gcc/x86_64-pc-linux-gnu/12.2.0/collect2 -plugin /home/tiejianjie/cpp_pkg/gcc-12.2.0/libexec/gcc/x86_64-pc-linux-gnu/12.2.0/liblto_plugin.so -plugin-opt=/home/tiejianjie/cpp_pkg/gcc-12.2.0/libexec/gcc/x86_64-pc-linux-gnu/12.2.0/lto-wrapper -plugin-opt=-fresolution=/tmp/cc7prCxq.res -plugin-opt=-pass-through=-lgcc -plugin-opt=-pass-through=-lgcc_s -plugin-opt=-pass-through=-lc -plugin-opt=-pass-through=-lgcc -plugin-opt=-pass-through=-lgcc_s --eh-frame-hdr -m elf_x86_64 -dynamic-linker /lib64/ld-linux-x86-64.so.2 -o cmTC_a55cc /lib/x86_64-linux-gnu/crt1.o /lib/x86_64-linux-gnu/crti.o /home/tiejianjie/cpp_pkg/gcc-12.2.0/lib/gcc/x86_64-pc-linux-gnu/12.2.0/crtbegin.o -L/home/tiejianjie/cpp_pkg/gcc-12.2.0/lib/gcc/x86_64-pc-linux-gnu/12.2.0 -L/home/tiejianjie/cpp_pkg/gcc-12.2.0/lib/gcc/x86_64-pc-linux-gnu/12.2.0/../../../../lib64 -L/lib/x86_64-linux-gnu -L/lib/../lib64 -L/usr/lib/x86_64-linux-gnu -L/usr/lib/../lib64 -L/home/tiejianjie/cpp_pkg/gcc-12.2.0/lib/gcc/x86_64-pc-linux-gnu/12.2.0/../../.. CMakeFiles/cmTC_a55cc.dir/CMakeCCompilerABI.c.o -lgcc --push-state --as-needed -lgcc_s --pop-state -lc -lgcc --push-state --as-needed -lgcc_s --pop-state /home/tiejianjie/cpp_pkg/gcc-12.2.0/lib/gcc/x86_64-pc-linux-gnu/12.2.0/crtend.o /lib/x86_64-linux-gnu/crtn.o]
    arg [/home/tiejianjie/cpp_pkg/gcc-12.2.0/libexec/gcc/x86_64-pc-linux-gnu/12.2.0/collect2] ==> ignore
    arg [-plugin] ==> ignore
    arg [/home/tiejianjie/cpp_pkg/gcc-12.2.0/libexec/gcc/x86_64-pc-linux-gnu/12.2.0/liblto_plugin.so] ==> ignore
    arg [-plugin-opt=/home/tiejianjie/cpp_pkg/gcc-12.2.0/libexec/gcc/x86_64-pc-linux-gnu/12.2.0/lto-wrapper] ==> ignore
    arg [-plugin-opt=-fresolution=/tmp/cc7prCxq.res] ==> ignore
    arg [-plugin-opt=-pass-through=-lgcc] ==> ignore
    arg [-plugin-opt=-pass-through=-lgcc_s] ==> ignore
    arg [-plugin-opt=-pass-through=-lc] ==> ignore
    arg [-plugin-opt=-pass-through=-lgcc] ==> ignore
    arg [-plugin-opt=-pass-through=-lgcc_s] ==> ignore
    arg [--eh-frame-hdr] ==> ignore
    arg [-m] ==> ignore
    arg [elf_x86_64] ==> ignore
    arg [-dynamic-linker] ==> ignore
    arg [/lib64/ld-linux-x86-64.so.2] ==> ignore
    arg [-o] ==> ignore
    arg [cmTC_a55cc] ==> ignore
    arg [/lib/x86_64-linux-gnu/crt1.o] ==> ignore
    arg [/lib/x86_64-linux-gnu/crti.o] ==> ignore
    arg [/home/tiejianjie/cpp_pkg/gcc-12.2.0/lib/gcc/x86_64-pc-linux-gnu/12.2.0/crtbegin.o] ==> ignore
    arg [-L/home/tiejianjie/cpp_pkg/gcc-12.2.0/lib/gcc/x86_64-pc-linux-gnu/12.2.0] ==> dir [/home/tiejianjie/cpp_pkg/gcc-12.2.0/lib/gcc/x86_64-pc-linux-gnu/12.2.0]
    arg [-L/home/tiejianjie/cpp_pkg/gcc-12.2.0/lib/gcc/x86_64-pc-linux-gnu/12.2.0/../../../../lib64] ==> dir [/home/tiejianjie/cpp_pkg/gcc-12.2.0/lib/gcc/x86_64-pc-linux-gnu/12.2.0/../../../../lib64]
    arg [-L/lib/x86_64-linux-gnu] ==> dir [/lib/x86_64-linux-gnu]
    arg [-L/lib/../lib64] ==> dir [/lib/../lib64]
    arg [-L/usr/lib/x86_64-linux-gnu] ==> dir [/usr/lib/x86_64-linux-gnu]
    arg [-L/usr/lib/../lib64] ==> dir [/usr/lib/../lib64]
    arg [-L/home/tiejianjie/cpp_pkg/gcc-12.2.0/lib/gcc/x86_64-pc-linux-gnu/12.2.0/../../..] ==> dir [/home/tiejianjie/cpp_pkg/gcc-12.2.0/lib/gcc/x86_64-pc-linux-gnu/12.2.0/../../..]
    arg [CMakeFiles/cmTC_a55cc.dir/CMakeCCompilerABI.c.o] ==> ignore
    arg [-lgcc] ==> lib [gcc]
    arg [--push-state] ==> ignore
    arg [--as-needed] ==> ignore
    arg [-lgcc_s] ==> lib [gcc_s]
    arg [--pop-state] ==> ignore
    arg [-lc] ==> lib [c]
    arg [-lgcc] ==> lib [gcc]
    arg [--push-state] ==> ignore
    arg [--as-needed] ==> ignore
    arg [-lgcc_s] ==> lib [gcc_s]
    arg [--pop-state] ==> ignore
    arg [/home/tiejianjie/cpp_pkg/gcc-12.2.0/lib/gcc/x86_64-pc-linux-gnu/12.2.0/crtend.o] ==> ignore
    arg [/lib/x86_64-linux-gnu/crtn.o] ==> ignore
  collapse library dir [/home/tiejianjie/cpp_pkg/gcc-12.2.0/lib/gcc/x86_64-pc-linux-gnu/12.2.0] ==> [/home/tiejianjie/cpp_pkg/gcc-12.2.0/lib/gcc/x86_64-pc-linux-gnu/12.2.0]
  collapse library dir [/home/tiejianjie/cpp_pkg/gcc-12.2.0/lib/gcc/x86_64-pc-linux-gnu/12.2.0/../../../../lib64] ==> [/home/tiejianjie/cpp_pkg/gcc-12.2.0/lib64]
  collapse library dir [/lib/x86_64-linux-gnu] ==> [/lib/x86_64-linux-gnu]
  collapse library dir [/lib/../lib64] ==> [/lib64]
  collapse library dir [/usr/lib/x86_64-linux-gnu] ==> [/usr/lib/x86_64-linux-gnu]
  collapse library dir [/usr/lib/../lib64] ==> [/usr/lib64]
  collapse library dir [/home/tiejianjie/cpp_pkg/gcc-12.2.0/lib/gcc/x86_64-pc-linux-gnu/12.2.0/../../..] ==> [/home/tiejianjie/cpp_pkg/gcc-12.2.0/lib]
  implicit libs: [gcc;gcc_s;c;gcc;gcc_s]
  implicit dirs: [/home/tiejianjie/cpp_pkg/gcc-12.2.0/lib/gcc/x86_64-pc-linux-gnu/12.2.0;/home/tiejianjie/cpp_pkg/gcc-12.2.0/lib64;/lib/x86_64-linux-gnu;/lib64;/usr/lib/x86_64-linux-gnu;/usr/lib64;/home/tiejianjie/cpp_pkg/gcc-12.2.0/lib]
  implicit fwks: []


Determining if the CXX compiler works passed with the following output:
Change Dir: /home/tiejianjie/news_rec/src/rank/data_process/build/CMakeFiles/CMakeTmp

Run Build Command(s):/usr/bin/make cmTC_09526/fast && /usr/bin/make -f CMakeFiles/cmTC_09526.dir/build.make CMakeFiles/cmTC_09526.dir/build
make[1]: 进入目录“/home/tiejianjie/news_rec/src/rank/data_process/build/CMakeFiles/CMakeTmp”
Building CXX object CMakeFiles/cmTC_09526.dir/testCXXCompiler.cxx.o
/home/tiejianjie/cpp_pkg/gcc-12.2.0/bin/g++    -std=c++23 -O3 -w -W -lpthread -ldl -Wall -Wextra -Werror -pedantic    -o CMakeFiles/cmTC_09526.dir/testCXXCompiler.cxx.o -c /home/tiejianjie/news_rec/src/rank/data_process/build/CMakeFiles/CMakeTmp/testCXXCompiler.cxx
Linking CXX executable cmTC_09526
/usr/bin/cmake -E cmake_link_script CMakeFiles/cmTC_09526.dir/link.txt --verbose=1
/home/tiejianjie/cpp_pkg/gcc-12.2.0/bin/g++  -std=c++23 -O3 -w -W -lpthread -ldl -Wall -Wextra -Werror -pedantic     CMakeFiles/cmTC_09526.dir/testCXXCompiler.cxx.o  -o cmTC_09526 
make[1]: 离开目录“/home/tiejianjie/news_rec/src/rank/data_process/build/CMakeFiles/CMakeTmp”



Detecting CXX compiler ABI info compiled with the following output:
Change Dir: /home/tiejianjie/news_rec/src/rank/data_process/build/CMakeFiles/CMakeTmp

Run Build Command(s):/usr/bin/make cmTC_96b65/fast && /usr/bin/make -f CMakeFiles/cmTC_96b65.dir/build.make CMakeFiles/cmTC_96b65.dir/build
make[1]: Entering directory '/home/tiejianjie/news_rec/src/rank/data_process/build/CMakeFiles/CMakeTmp'
Building CXX object CMakeFiles/cmTC_96b65.dir/CMakeCXXCompilerABI.cpp.o
/home/tiejianjie/cpp_pkg/gcc-12.2.0/bin/g++    -std=c++23 -O3 -w -W -lpthread -ldl -Wall -Wextra -Werror -pedantic    -v -o CMakeFiles/cmTC_96b65.dir/CMakeCXXCompilerABI.cpp.o -c /usr/share/cmake-3.16/Modules/CMakeCXXCompilerABI.cpp
Using built-in specs.
COLLECT_GCC=/home/tiejianjie/cpp_pkg/gcc-12.2.0/bin/g++
Target: x86_64-pc-linux-gnu
Configured with: ../configure --prefix=/home/tiejianjie/cpp_pkg/gcc-12.2.0/ --disable-multilib
Thread model: posix
Supported LTO compression algorithms: zlib
gcc version 12.2.0 (GCC) 
COLLECT_GCC_OPTIONS='-std=c++23' '-O3' '-w' '-Wall' '-Wextra' '-Werror' '-Wpedantic' '-v' '-o' 'CMakeFiles/cmTC_96b65.dir/CMakeCXXCompilerABI.cpp.o' '-c' '-shared-libgcc' '-mtune=generic' '-march=x86-64' '-dumpdir' 'CMakeFiles/cmTC_96b65.dir/'
 /home/tiejianjie/cpp_pkg/gcc-12.2.0/libexec/gcc/x86_64-pc-linux-gnu/12.2.0/cc1plus -quiet -v -imultiarch x86_64-linux-gnu -D_GNU_SOURCE /usr/share/cmake-3.16/Modules/CMakeCXXCompilerABI.cpp -quiet -dumpdir CMakeFiles/cmTC_96b65.dir/ -dumpbase CMakeCXXCompilerABI.cpp.cpp -dumpbase-ext .cpp -mtune=generic -march=x86-64 -O3 -Wall -Wextra -Werror -Wpedantic -w -std=c++23 -version -o /tmp/ccrOoufX.s
GNU C++23 (GCC) version 12.2.0 (x86_64-pc-linux-gnu)
	compiled by GNU C version 12.2.0, GMP version 6.2.1, MPFR version 4.1.0, MPC version 1.2.1, isl version isl-0.24-GMP

GGC heuristics: --param ggc-min-expand=100 --param ggc-min-heapsize=131072
ignoring nonexistent directory "/usr/local/include/x86_64-linux-gnu"
ignoring nonexistent directory "/home/tiejianjie/cpp_pkg/gcc-12.2.0/lib/gcc/x86_64-pc-linux-gnu/12.2.0/../../../../x86_64-pc-linux-gnu/include"
#include "..." search starts here:
#include <...> search starts here:
 /home/tiejianjie/cpp_pkg/gcc-12.2.0/lib/gcc/x86_64-pc-linux-gnu/12.2.0/../../../../include/c++/12.2.0
 /home/tiejianjie/cpp_pkg/gcc-12.2.0/lib/gcc/x86_64-pc-linux-gnu/12.2.0/../../../../include/c++/12.2.0/x86_64-pc-linux-gnu
 /home/tiejianjie/cpp_pkg/gcc-12.2.0/lib/gcc/x86_64-pc-linux-gnu/12.2.0/../../../../include/c++/12.2.0/backward
 /home/tiejianjie/cpp_pkg/gcc-12.2.0/lib/gcc/x86_64-pc-linux-gnu/12.2.0/include
 /usr/local/include
 /home/tiejianjie/cpp_pkg/gcc-12.2.0/include
 /home/tiejianjie/cpp_pkg/gcc-12.2.0/lib/gcc/x86_64-pc-linux-gnu/12.2.0/include-fixed
 /usr/include/x86_64-linux-gnu
 /usr/include
End of search list.
GNU C++23 (GCC) version 12.2.0 (x86_64-pc-linux-gnu)
	compiled by GNU C version 12.2.0, GMP version 6.2.1, MPFR version 4.1.0, MPC version 1.2.1, isl version isl-0.24-GMP

GGC heuristics: --param ggc-min-expand=100 --param ggc-min-heapsize=131072
Compiler executable checksum: 8d84a7da34ae94d1e3ca2e4de59103b6
COLLECT_GCC_OPTIONS='-std=c++23' '-O3' '-w' '-Wall' '-Wextra' '-Werror' '-Wpedantic' '-v' '-o' 'CMakeFiles/cmTC_96b65.dir/CMakeCXXCompilerABI.cpp.o' '-c' '-shared-libgcc' '-mtune=generic' '-march=x86-64' '-dumpdir' 'CMakeFiles/cmTC_96b65.dir/'
 as -v -W --64 -o CMakeFiles/cmTC_96b65.dir/CMakeCXXCompilerABI.cpp.o /tmp/ccrOoufX.s
GNU assembler version 2.34 (x86_64-linux-gnu) using BFD version (GNU Binutils for Ubuntu) 2.34
COMPILER_PATH=/home/tiejianjie/cpp_pkg/gcc-12.2.0/libexec/gcc/x86_64-pc-linux-gnu/12.2.0/:/home/tiejianjie/cpp_pkg/gcc-12.2.0/libexec/gcc/x86_64-pc-linux-gnu/12.2.0/:/home/tiejianjie/cpp_pkg/gcc-12.2.0/libexec/gcc/x86_64-pc-linux-gnu/:/home/tiejianjie/cpp_pkg/gcc-12.2.0/lib/gcc/x86_64-pc-linux-gnu/12.2.0/:/home/tiejianjie/cpp_pkg/gcc-12.2.0/lib/gcc/x86_64-pc-linux-gnu/
LIBRARY_PATH=/home/tiejianjie/cpp_pkg/gcc-12.2.0/lib/gcc/x86_64-pc-linux-gnu/12.2.0/:/home/tiejianjie/cpp_pkg/gcc-12.2.0/lib/gcc/x86_64-pc-linux-gnu/12.2.0/../../../../lib64/:/lib/x86_64-linux-gnu/:/lib/../lib64/:/usr/lib/x86_64-linux-gnu/:/usr/lib/../lib64/:/home/tiejianjie/cpp_pkg/gcc-12.2.0/lib/gcc/x86_64-pc-linux-gnu/12.2.0/../../../:/lib/:/usr/lib/
COLLECT_GCC_OPTIONS='-std=c++23' '-O3' '-w' '-Wall' '-Wextra' '-Werror' '-Wpedantic' '-v' '-o' 'CMakeFiles/cmTC_96b65.dir/CMakeCXXCompilerABI.cpp.o' '-c' '-shared-libgcc' '-mtune=generic' '-march=x86-64' '-dumpdir' 'CMakeFiles/cmTC_96b65.dir/CMakeCXXCompilerABI.cpp.'
Linking CXX executable cmTC_96b65
/usr/bin/cmake -E cmake_link_script CMakeFiles/cmTC_96b65.dir/link.txt --verbose=1
/home/tiejianjie/cpp_pkg/gcc-12.2.0/bin/g++  -std=c++23 -O3 -w -W -lpthread -ldl -Wall -Wextra -Werror -pedantic    -v CMakeFiles/cmTC_96b65.dir/CMakeCXXCompilerABI.cpp.o  -o cmTC_96b65 
Using built-in specs.
COLLECT_GCC=/home/tiejianjie/cpp_pkg/gcc-12.2.0/bin/g++
COLLECT_LTO_WRAPPER=/home/tiejianjie/cpp_pkg/gcc-12.2.0/libexec/gcc/x86_64-pc-linux-gnu/12.2.0/lto-wrapper
Target: x86_64-pc-linux-gnu
Configured with: ../configure --prefix=/home/tiejianjie/cpp_pkg/gcc-12.2.0/ --disable-multilib
Thread model: posix
Supported LTO compression algorithms: zlib
gcc version 12.2.0 (GCC) 
COMPILER_PATH=/home/tiejianjie/cpp_pkg/gcc-12.2.0/libexec/gcc/x86_64-pc-linux-gnu/12.2.0/:/home/tiejianjie/cpp_pkg/gcc-12.2.0/libexec/gcc/x86_64-pc-linux-gnu/12.2.0/:/home/tiejianjie/cpp_pkg/gcc-12.2.0/libexec/gcc/x86_64-pc-linux-gnu/:/home/tiejianjie/cpp_pkg/gcc-12.2.0/lib/gcc/x86_64-pc-linux-gnu/12.2.0/:/home/tiejianjie/cpp_pkg/gcc-12.2.0/lib/gcc/x86_64-pc-linux-gnu/
LIBRARY_PATH=/home/tiejianjie/cpp_pkg/gcc-12.2.0/lib/gcc/x86_64-pc-linux-gnu/12.2.0/:/home/tiejianjie/cpp_pkg/gcc-12.2.0/lib/gcc/x86_64-pc-linux-gnu/12.2.0/../../../../lib64/:/lib/x86_64-linux-gnu/:/lib/../lib64/:/usr/lib/x86_64-linux-gnu/:/usr/lib/../lib64/:/home/tiejianjie/cpp_pkg/gcc-12.2.0/lib/gcc/x86_64-pc-linux-gnu/12.2.0/../../../:/lib/:/usr/lib/
COLLECT_GCC_OPTIONS='-std=c++23' '-O3' '-w' '-Wall' '-Wextra' '-Werror' '-Wpedantic' '-v' '-o' 'cmTC_96b65' '-shared-libgcc' '-mtune=generic' '-march=x86-64' '-dumpdir' 'cmTC_96b65.'
 /home/tiejianjie/cpp_pkg/gcc-12.2.0/libexec/gcc/x86_64-pc-linux-gnu/12.2.0/collect2 -plugin /home/tiejianjie/cpp_pkg/gcc-12.2.0/libexec/gcc/x86_64-pc-linux-gnu/12.2.0/liblto_plugin.so -plugin-opt=/home/tiejianjie/cpp_pkg/gcc-12.2.0/libexec/gcc/x86_64-pc-linux-gnu/12.2.0/lto-wrapper -plugin-opt=-fresolution=/tmp/cccGnTuo.res -plugin-opt=-pass-through=-lgcc_s -plugin-opt=-pass-through=-lgcc -plugin-opt=-pass-through=-lc -plugin-opt=-pass-through=-lgcc_s -plugin-opt=-pass-through=-lgcc --eh-frame-hdr -m elf_x86_64 -dynamic-linker /lib64/ld-linux-x86-64.so.2 -o cmTC_96b65 /lib/x86_64-linux-gnu/crt1.o /lib/x86_64-linux-gnu/crti.o /home/tiejianjie/cpp_pkg/gcc-12.2.0/lib/gcc/x86_64-pc-linux-gnu/12.2.0/crtbegin.o -L/home/tiejianjie/cpp_pkg/gcc-12.2.0/lib/gcc/x86_64-pc-linux-gnu/12.2.0 -L/home/tiejianjie/cpp_pkg/gcc-12.2.0/lib/gcc/x86_64-pc-linux-gnu/12.2.0/../../../../lib64 -L/lib/x86_64-linux-gnu -L/lib/../lib64 -L/usr/lib/x86_64-linux-gnu -L/usr/lib/../lib64 -L/home/tiejianjie/cpp_pkg/gcc-12.2.0/lib/gcc/x86_64-pc-linux-gnu/12.2.0/../../.. -lpthread -ldl CMakeFiles/cmTC_96b65.dir/CMakeCXXCompilerABI.cpp.o -lstdc++ -lm -lgcc_s -lgcc -lc -lgcc_s -lgcc /home/tiejianjie/cpp_pkg/gcc-12.2.0/lib/gcc/x86_64-pc-linux-gnu/12.2.0/crtend.o /lib/x86_64-linux-gnu/crtn.o
COLLECT_GCC_OPTIONS='-std=c++23' '-O3' '-w' '-Wall' '-Wextra' '-Werror' '-Wpedantic' '-v' '-o' 'cmTC_96b65' '-shared-libgcc' '-mtune=generic' '-march=x86-64' '-dumpdir' 'cmTC_96b65.'
make[1]: Leaving directory '/home/tiejianjie/news_rec/src/rank/data_process/build/CMakeFiles/CMakeTmp'



Parsed CXX implicit include dir info from above output: rv=done
  found start of include info
  found start of implicit include info
    add: [/home/tiejianjie/cpp_pkg/gcc-12.2.0/lib/gcc/x86_64-pc-linux-gnu/12.2.0/../../../../include/c++/12.2.0]
    add: [/home/tiejianjie/cpp_pkg/gcc-12.2.0/lib/gcc/x86_64-pc-linux-gnu/12.2.0/../../../../include/c++/12.2.0/x86_64-pc-linux-gnu]
    add: [/home/tiejianjie/cpp_pkg/gcc-12.2.0/lib/gcc/x86_64-pc-linux-gnu/12.2.0/../../../../include/c++/12.2.0/backward]
    add: [/home/tiejianjie/cpp_pkg/gcc-12.2.0/lib/gcc/x86_64-pc-linux-gnu/12.2.0/include]
    add: [/usr/local/include]
    add: [/home/tiejianjie/cpp_pkg/gcc-12.2.0/include]
    add: [/home/tiejianjie/cpp_pkg/gcc-12.2.0/lib/gcc/x86_64-pc-linux-gnu/12.2.0/include-fixed]
    add: [/usr/include/x86_64-linux-gnu]
    add: [/usr/include]
  end of search list found
  collapse include dir [/home/tiejianjie/cpp_pkg/gcc-12.2.0/lib/gcc/x86_64-pc-linux-gnu/12.2.0/../../../../include/c++/12.2.0] ==> [/home/tiejianjie/cpp_pkg/gcc-12.2.0/include/c++/12.2.0]
  collapse include dir [/home/tiejianjie/cpp_pkg/gcc-12.2.0/lib/gcc/x86_64-pc-linux-gnu/12.2.0/../../../../include/c++/12.2.0/x86_64-pc-linux-gnu] ==> [/home/tiejianjie/cpp_pkg/gcc-12.2.0/include/c++/12.2.0/x86_64-pc-linux-gnu]
  collapse include dir [/home/tiejianjie/cpp_pkg/gcc-12.2.0/lib/gcc/x86_64-pc-linux-gnu/12.2.0/../../../../include/c++/12.2.0/backward] ==> [/home/tiejianjie/cpp_pkg/gcc-12.2.0/include/c++/12.2.0/backward]
  collapse include dir [/home/tiejianjie/cpp_pkg/gcc-12.2.0/lib/gcc/x86_64-pc-linux-gnu/12.2.0/include] ==> [/home/tiejianjie/cpp_pkg/gcc-12.2.0/lib/gcc/x86_64-pc-linux-gnu/12.2.0/include]
  collapse include dir [/usr/local/include] ==> [/usr/local/include]
  collapse include dir [/home/tiejianjie/cpp_pkg/gcc-12.2.0/include] ==> [/home/tiejianjie/cpp_pkg/gcc-12.2.0/include]
  collapse include dir [/home/tiejianjie/cpp_pkg/gcc-12.2.0/lib/gcc/x86_64-pc-linux-gnu/12.2.0/include-fixed] ==> [/home/tiejianjie/cpp_pkg/gcc-12.2.0/lib/gcc/x86_64-pc-linux-gnu/12.2.0/include-fixed]
  collapse include dir [/usr/include/x86_64-linux-gnu] ==> [/usr/include/x86_64-linux-gnu]
  collapse include dir [/usr/include] ==> [/usr/include]
  implicit include dirs: [/home/tiejianjie/cpp_pkg/gcc-12.2.0/include/c++/12.2.0;/home/tiejianjie/cpp_pkg/gcc-12.2.0/include/c++/12.2.0/x86_64-pc-linux-gnu;/home/tiejianjie/cpp_pkg/gcc-12.2.0/include/c++/12.2.0/backward;/home/tiejianjie/cpp_pkg/gcc-12.2.0/lib/gcc/x86_64-pc-linux-gnu/12.2.0/include;/usr/local/include;/home/tiejianjie/cpp_pkg/gcc-12.2.0/include;/home/tiejianjie/cpp_pkg/gcc-12.2.0/lib/gcc/x86_64-pc-linux-gnu/12.2.0/include-fixed;/usr/include/x86_64-linux-gnu;/usr/include]


Parsed CXX implicit link information from above output:
  link line regex: [^( *|.*[/\])(ld|CMAKE_LINK_STARTFILE-NOTFOUND|([^/\]+-)?ld|collect2)[^/\]*( |$)]
  ignore line: [Change Dir: /home/tiejianjie/news_rec/src/rank/data_process/build/CMakeFiles/CMakeTmp]
  ignore line: []
  ignore line: [Run Build Command(s):/usr/bin/make cmTC_96b65/fast && /usr/bin/make -f CMakeFiles/cmTC_96b65.dir/build.make CMakeFiles/cmTC_96b65.dir/build]
  ignore line: [make[1]: Entering directory '/home/tiejianjie/news_rec/src/rank/data_process/build/CMakeFiles/CMakeTmp']
  ignore line: [Building CXX object CMakeFiles/cmTC_96b65.dir/CMakeCXXCompilerABI.cpp.o]
  ignore line: [/home/tiejianjie/cpp_pkg/gcc-12.2.0/bin/g++    -std=c++23 -O3 -w -W -lpthread -ldl -Wall -Wextra -Werror -pedantic    -v -o CMakeFiles/cmTC_96b65.dir/CMakeCXXCompilerABI.cpp.o -c /usr/share/cmake-3.16/Modules/CMakeCXXCompilerABI.cpp]
  ignore line: [Using built-in specs.]
  ignore line: [COLLECT_GCC=/home/tiejianjie/cpp_pkg/gcc-12.2.0/bin/g++]
  ignore line: [Target: x86_64-pc-linux-gnu]
  ignore line: [Configured with: ../configure --prefix=/home/tiejianjie/cpp_pkg/gcc-12.2.0/ --disable-multilib]
  ignore line: [Thread model: posix]
  ignore line: [Supported LTO compression algorithms: zlib]
  ignore line: [gcc version 12.2.0 (GCC) ]
  ignore line: [COLLECT_GCC_OPTIONS='-std=c++23' '-O3' '-w' '-Wall' '-Wextra' '-Werror' '-Wpedantic' '-v' '-o' 'CMakeFiles/cmTC_96b65.dir/CMakeCXXCompilerABI.cpp.o' '-c' '-shared-libgcc' '-mtune=generic' '-march=x86-64' '-dumpdir' 'CMakeFiles/cmTC_96b65.dir/']
  ignore line: [ /home/tiejianjie/cpp_pkg/gcc-12.2.0/libexec/gcc/x86_64-pc-linux-gnu/12.2.0/cc1plus -quiet -v -imultiarch x86_64-linux-gnu -D_GNU_SOURCE /usr/share/cmake-3.16/Modules/CMakeCXXCompilerABI.cpp -quiet -dumpdir CMakeFiles/cmTC_96b65.dir/ -dumpbase CMakeCXXCompilerABI.cpp.cpp -dumpbase-ext .cpp -mtune=generic -march=x86-64 -O3 -Wall -Wextra -Werror -Wpedantic -w -std=c++23 -version -o /tmp/ccrOoufX.s]
  ignore line: [GNU C++23 (GCC) version 12.2.0 (x86_64-pc-linux-gnu)]
  ignore line: [	compiled by GNU C version 12.2.0  GMP version 6.2.1  MPFR version 4.1.0  MPC version 1.2.1  isl version isl-0.24-GMP]
  ignore line: []
  ignore line: [GGC heuristics: --param ggc-min-expand=100 --param ggc-min-heapsize=131072]
  ignore line: [ignoring nonexistent directory "/usr/local/include/x86_64-linux-gnu"]
  ignore line: [ignoring nonexistent directory "/home/tiejianjie/cpp_pkg/gcc-12.2.0/lib/gcc/x86_64-pc-linux-gnu/12.2.0/../../../../x86_64-pc-linux-gnu/include"]
  ignore line: [#include "..." search starts here:]
  ignore line: [#include <...> search starts here:]
  ignore line: [ /home/tiejianjie/cpp_pkg/gcc-12.2.0/lib/gcc/x86_64-pc-linux-gnu/12.2.0/../../../../include/c++/12.2.0]
  ignore line: [ /home/tiejianjie/cpp_pkg/gcc-12.2.0/lib/gcc/x86_64-pc-linux-gnu/12.2.0/../../../../include/c++/12.2.0/x86_64-pc-linux-gnu]
  ignore line: [ /home/tiejianjie/cpp_pkg/gcc-12.2.0/lib/gcc/x86_64-pc-linux-gnu/12.2.0/../../../../include/c++/12.2.0/backward]
  ignore line: [ /home/tiejianjie/cpp_pkg/gcc-12.2.0/lib/gcc/x86_64-pc-linux-gnu/12.2.0/include]
  ignore line: [ /usr/local/include]
  ignore line: [ /home/tiejianjie/cpp_pkg/gcc-12.2.0/include]
  ignore line: [ /home/tiejianjie/cpp_pkg/gcc-12.2.0/lib/gcc/x86_64-pc-linux-gnu/12.2.0/include-fixed]
  ignore line: [ /usr/include/x86_64-linux-gnu]
  ignore line: [ /usr/include]
  ignore line: [End of search list.]
  ignore line: [GNU C++23 (GCC) version 12.2.0 (x86_64-pc-linux-gnu)]
  ignore line: [	compiled by GNU C version 12.2.0  GMP version 6.2.1  MPFR version 4.1.0  MPC version 1.2.1  isl version isl-0.24-GMP]
  ignore line: []
  ignore line: [GGC heuristics: --param ggc-min-expand=100 --param ggc-min-heapsize=131072]
  ignore line: [Compiler executable checksum: 8d84a7da34ae94d1e3ca2e4de59103b6]
  ignore line: [COLLECT_GCC_OPTIONS='-std=c++23' '-O3' '-w' '-Wall' '-Wextra' '-Werror' '-Wpedantic' '-v' '-o' 'CMakeFiles/cmTC_96b65.dir/CMakeCXXCompilerABI.cpp.o' '-c' '-shared-libgcc' '-mtune=generic' '-march=x86-64' '-dumpdir' 'CMakeFiles/cmTC_96b65.dir/']
  ignore line: [ as -v -W --64 -o CMakeFiles/cmTC_96b65.dir/CMakeCXXCompilerABI.cpp.o /tmp/ccrOoufX.s]
  ignore line: [GNU assembler version 2.34 (x86_64-linux-gnu) using BFD version (GNU Binutils for Ubuntu) 2.34]
  ignore line: [COMPILER_PATH=/home/tiejianjie/cpp_pkg/gcc-12.2.0/libexec/gcc/x86_64-pc-linux-gnu/12.2.0/:/home/tiejianjie/cpp_pkg/gcc-12.2.0/libexec/gcc/x86_64-pc-linux-gnu/12.2.0/:/home/tiejianjie/cpp_pkg/gcc-12.2.0/libexec/gcc/x86_64-pc-linux-gnu/:/home/tiejianjie/cpp_pkg/gcc-12.2.0/lib/gcc/x86_64-pc-linux-gnu/12.2.0/:/home/tiejianjie/cpp_pkg/gcc-12.2.0/lib/gcc/x86_64-pc-linux-gnu/]
  ignore line: [LIBRARY_PATH=/home/tiejianjie/cpp_pkg/gcc-12.2.0/lib/gcc/x86_64-pc-linux-gnu/12.2.0/:/home/tiejianjie/cpp_pkg/gcc-12.2.0/lib/gcc/x86_64-pc-linux-gnu/12.2.0/../../../../lib64/:/lib/x86_64-linux-gnu/:/lib/../lib64/:/usr/lib/x86_64-linux-gnu/:/usr/lib/../lib64/:/home/tiejianjie/cpp_pkg/gcc-12.2.0/lib/gcc/x86_64-pc-linux-gnu/12.2.0/../../../:/lib/:/usr/lib/]
  ignore line: [COLLECT_GCC_OPTIONS='-std=c++23' '-O3' '-w' '-Wall' '-Wextra' '-Werror' '-Wpedantic' '-v' '-o' 'CMakeFiles/cmTC_96b65.dir/CMakeCXXCompilerABI.cpp.o' '-c' '-shared-libgcc' '-mtune=generic' '-march=x86-64' '-dumpdir' 'CMakeFiles/cmTC_96b65.dir/CMakeCXXCompilerABI.cpp.']
  ignore line: [Linking CXX executable cmTC_96b65]
  ignore line: [/usr/bin/cmake -E cmake_link_script CMakeFiles/cmTC_96b65.dir/link.txt --verbose=1]
  ignore line: [/home/tiejianjie/cpp_pkg/gcc-12.2.0/bin/g++  -std=c++23 -O3 -w -W -lpthread -ldl -Wall -Wextra -Werror -pedantic    -v CMakeFiles/cmTC_96b65.dir/CMakeCXXCompilerABI.cpp.o  -o cmTC_96b65 ]
  ignore line: [Using built-in specs.]
  ignore line: [COLLECT_GCC=/home/tiejianjie/cpp_pkg/gcc-12.2.0/bin/g++]
  ignore line: [COLLECT_LTO_WRAPPER=/home/tiejianjie/cpp_pkg/gcc-12.2.0/libexec/gcc/x86_64-pc-linux-gnu/12.2.0/lto-wrapper]
  ignore line: [Target: x86_64-pc-linux-gnu]
  ignore line: [Configured with: ../configure --prefix=/home/tiejianjie/cpp_pkg/gcc-12.2.0/ --disable-multilib]
  ignore line: [Thread model: posix]
  ignore line: [Supported LTO compression algorithms: zlib]
  ignore line: [gcc version 12.2.0 (GCC) ]
  ignore line: [COMPILER_PATH=/home/tiejianjie/cpp_pkg/gcc-12.2.0/libexec/gcc/x86_64-pc-linux-gnu/12.2.0/:/home/tiejianjie/cpp_pkg/gcc-12.2.0/libexec/gcc/x86_64-pc-linux-gnu/12.2.0/:/home/tiejianjie/cpp_pkg/gcc-12.2.0/libexec/gcc/x86_64-pc-linux-gnu/:/home/tiejianjie/cpp_pkg/gcc-12.2.0/lib/gcc/x86_64-pc-linux-gnu/12.2.0/:/home/tiejianjie/cpp_pkg/gcc-12.2.0/lib/gcc/x86_64-pc-linux-gnu/]
  ignore line: [LIBRARY_PATH=/home/tiejianjie/cpp_pkg/gcc-12.2.0/lib/gcc/x86_64-pc-linux-gnu/12.2.0/:/home/tiejianjie/cpp_pkg/gcc-12.2.0/lib/gcc/x86_64-pc-linux-gnu/12.2.0/../../../../lib64/:/lib/x86_64-linux-gnu/:/lib/../lib64/:/usr/lib/x86_64-linux-gnu/:/usr/lib/../lib64/:/home/tiejianjie/cpp_pkg/gcc-12.2.0/lib/gcc/x86_64-pc-linux-gnu/12.2.0/../../../:/lib/:/usr/lib/]
  ignore line: [COLLECT_GCC_OPTIONS='-std=c++23' '-O3' '-w' '-Wall' '-Wextra' '-Werror' '-Wpedantic' '-v' '-o' 'cmTC_96b65' '-shared-libgcc' '-mtune=generic' '-march=x86-64' '-dumpdir' 'cmTC_96b65.']
  link line: [ /home/tiejianjie/cpp_pkg/gcc-12.2.0/libexec/gcc/x86_64-pc-linux-gnu/12.2.0/collect2 -plugin /home/tiejianjie/cpp_pkg/gcc-12.2.0/libexec/gcc/x86_64-pc-linux-gnu/12.2.0/liblto_plugin.so -plugin-opt=/home/tiejianjie/cpp_pkg/gcc-12.2.0/libexec/gcc/x86_64-pc-linux-gnu/12.2.0/lto-wrapper -plugin-opt=-fresolution=/tmp/cccGnTuo.res -plugin-opt=-pass-through=-lgcc_s -plugin-opt=-pass-through=-lgcc -plugin-opt=-pass-through=-lc -plugin-opt=-pass-through=-lgcc_s -plugin-opt=-pass-through=-lgcc --eh-frame-hdr -m elf_x86_64 -dynamic-linker /lib64/ld-linux-x86-64.so.2 -o cmTC_96b65 /lib/x86_64-linux-gnu/crt1.o /lib/x86_64-linux-gnu/crti.o /home/tiejianjie/cpp_pkg/gcc-12.2.0/lib/gcc/x86_64-pc-linux-gnu/12.2.0/crtbegin.o -L/home/tiejianjie/cpp_pkg/gcc-12.2.0/lib/gcc/x86_64-pc-linux-gnu/12.2.0 -L/home/tiejianjie/cpp_pkg/gcc-12.2.0/lib/gcc/x86_64-pc-linux-gnu/12.2.0/../../../../lib64 -L/lib/x86_64-linux-gnu -L/lib/../lib64 -L/usr/lib/x86_64-linux-gnu -L/usr/lib/../lib64 -L/home/tiejianjie/cpp_pkg/gcc-12.2.0/lib/gcc/x86_64-pc-linux-gnu/12.2.0/../../.. -lpthread -ldl CMakeFiles/cmTC_96b65.dir/CMakeCXXCompilerABI.cpp.o -lstdc++ -lm -lgcc_s -lgcc -lc -lgcc_s -lgcc /home/tiejianjie/cpp_pkg/gcc-12.2.0/lib/gcc/x86_64-pc-linux-gnu/12.2.0/crtend.o /lib/x86_64-linux-gnu/crtn.o]
    arg [/home/tiejianjie/cpp_pkg/gcc-12.2.0/libexec/gcc/x86_64-pc-linux-gnu/12.2.0/collect2] ==> ignore
    arg [-plugin] ==> ignore
    arg [/home/tiejianjie/cpp_pkg/gcc-12.2.0/libexec/gcc/x86_64-pc-linux-gnu/12.2.0/liblto_plugin.so] ==> ignore
    arg [-plugin-opt=/home/tiejianjie/cpp_pkg/gcc-12.2.0/libexec/gcc/x86_64-pc-linux-gnu/12.2.0/lto-wrapper] ==> ignore
    arg [-plugin-opt=-fresolution=/tmp/cccGnTuo.res] ==> ignore
    arg [-plugin-opt=-pass-through=-lgcc_s] ==> ignore
    arg [-plugin-opt=-pass-through=-lgcc] ==> ignore
    arg [-plugin-opt=-pass-through=-lc] ==> ignore
    arg [-plugin-opt=-pass-through=-lgcc_s] ==> ignore
    arg [-plugin-opt=-pass-through=-lgcc] ==> ignore
    arg [--eh-frame-hdr] ==> ignore
    arg [-m] ==> ignore
    arg [elf_x86_64] ==> ignore
    arg [-dynamic-linker] ==> ignore
    arg [/lib64/ld-linux-x86-64.so.2] ==> ignore
    arg [-o] ==> ignore
    arg [cmTC_96b65] ==> ignore
    arg [/lib/x86_64-linux-gnu/crt1.o] ==> ignore
    arg [/lib/x86_64-linux-gnu/crti.o] ==> ignore
    arg [/home/tiejianjie/cpp_pkg/gcc-12.2.0/lib/gcc/x86_64-pc-linux-gnu/12.2.0/crtbegin.o] ==> ignore
    arg [-L/home/tiejianjie/cpp_pkg/gcc-12.2.0/lib/gcc/x86_64-pc-linux-gnu/12.2.0] ==> dir [/home/tiejianjie/cpp_pkg/gcc-12.2.0/lib/gcc/x86_64-pc-linux-gnu/12.2.0]
    arg [-L/home/tiejianjie/cpp_pkg/gcc-12.2.0/lib/gcc/x86_64-pc-linux-gnu/12.2.0/../../../../lib64] ==> dir [/home/tiejianjie/cpp_pkg/gcc-12.2.0/lib/gcc/x86_64-pc-linux-gnu/12.2.0/../../../../lib64]
    arg [-L/lib/x86_64-linux-gnu] ==> dir [/lib/x86_64-linux-gnu]
    arg [-L/lib/../lib64] ==> dir [/lib/../lib64]
    arg [-L/usr/lib/x86_64-linux-gnu] ==> dir [/usr/lib/x86_64-linux-gnu]
    arg [-L/usr/lib/../lib64] ==> dir [/usr/lib/../lib64]
    arg [-L/home/tiejianjie/cpp_pkg/gcc-12.2.0/lib/gcc/x86_64-pc-linux-gnu/12.2.0/../../..] ==> dir [/home/tiejianjie/cpp_pkg/gcc-12.2.0/lib/gcc/x86_64-pc-linux-gnu/12.2.0/../../..]
    arg [-lpthread] ==> lib [pthread]
    arg [-ldl] ==> lib [dl]
    arg [CMakeFiles/cmTC_96b65.dir/CMakeCXXCompilerABI.cpp.o] ==> ignore
    arg [-lstdc++] ==> lib [stdc++]
    arg [-lm] ==> lib [m]
    arg [-lgcc_s] ==> lib [gcc_s]
    arg [-lgcc] ==> lib [gcc]
    arg [-lc] ==> lib [c]
    arg [-lgcc_s] ==> lib [gcc_s]
    arg [-lgcc] ==> lib [gcc]
    arg [/home/tiejianjie/cpp_pkg/gcc-12.2.0/lib/gcc/x86_64-pc-linux-gnu/12.2.0/crtend.o] ==> ignore
    arg [/lib/x86_64-linux-gnu/crtn.o] ==> ignore
  collapse library dir [/home/tiejianjie/cpp_pkg/gcc-12.2.0/lib/gcc/x86_64-pc-linux-gnu/12.2.0] ==> [/home/tiejianjie/cpp_pkg/gcc-12.2.0/lib/gcc/x86_64-pc-linux-gnu/12.2.0]
  collapse library dir [/home/tiejianjie/cpp_pkg/gcc-12.2.0/lib/gcc/x86_64-pc-linux-gnu/12.2.0/../../../../lib64] ==> [/home/tiejianjie/cpp_pkg/gcc-12.2.0/lib64]
  collapse library dir [/lib/x86_64-linux-gnu] ==> [/lib/x86_64-linux-gnu]
  collapse library dir [/lib/../lib64] ==> [/lib64]
  collapse library dir [/usr/lib/x86_64-linux-gnu] ==> [/usr/lib/x86_64-linux-gnu]
  collapse library dir [/usr/lib/../lib64] ==> [/usr/lib64]
  collapse library dir [/home/tiejianjie/cpp_pkg/gcc-12.2.0/lib/gcc/x86_64-pc-linux-gnu/12.2.0/../../..] ==> [/home/tiejianjie/cpp_pkg/gcc-12.2.0/lib]
  implicit libs: [pthread;dl;stdc++;m;gcc_s;gcc;c;gcc_s;gcc]
  implicit dirs: [/home/tiejianjie/cpp_pkg/gcc-12.2.0/lib/gcc/x86_64-pc-linux-gnu/12.2.0;/home/tiejianjie/cpp_pkg/gcc-12.2.0/lib64;/lib/x86_64-linux-gnu;/lib64;/usr/lib/x86_64-linux-gnu;/usr/lib64;/home/tiejianjie/cpp_pkg/gcc-12.2.0/lib]
  implicit fwks: []


